[38;5;0m[HTTP][0m [37m-->[39m [37mGET[39m [37m/session/08dea00d-33dd-4858-bbec-8dd963791b04/timeouts[39m
[38;5;0m[HTTP][0m [90m{}[39m
[debug] [38;5;16m[AppiumDriver@f804][0m Encountered internal error running command: NoSuchDriverError: A session is either terminated or not started
[debug] [38;5;16m[AppiumDriver@f804][0m     at asyncHandler (/Users/sanjay/node_modules/@appium/base-driver/lib/protocol/protocol.js:268:15)
[debug] [38;5;16m[AppiumDriver@f804][0m     at /Users/sanjay/node_modules/@appium/base-driver/lib/protocol/protocol.js:462:15
[debug] [38;5;16m[AppiumDriver@f804][0m     at Layer.handle [as handle_request] (/Users/sanjay/node_modules/express/lib/router/layer.js:95:5)
[debug] [38;5;16m[AppiumDriver@f804][0m     at next (/Users/sanjay/node_modules/express/lib/router/route.js:144:13)
[debug] [38;5;16m[AppiumDriver@f804][0m     at Route.dispatch (/Users/sanjay/node_modules/express/lib/router/route.js:114:3)
[debug] [38;5;16m[AppiumDriver@f804][0m     at Layer.handle [as handle_request] (/Users/sanjay/node_modules/express/lib/router/layer.js:95:5)
[debug] [38;5;16m[AppiumDriver@f804][0m     at /Users/sanjay/node_modules/express/lib/router/index.js:284:15
[debug] [38;5;16m[AppiumDriver@f804][0m     at param (/Users/sanjay/node_modules/express/lib/router/index.js:365:14)
[debug] [38;5;16m[AppiumDriver@f804][0m     at param (/Users/sanjay/node_modules/express/lib/router/index.js:376:14)
[debug] [38;5;16m[AppiumDriver@f804][0m     at Function.process_params (/Users/sanjay/node_modules/express/lib/router/index.js:421:3)
[debug] [38;5;16m[AppiumDriver@f804][0m     at next (/Users/sanjay/node_modules/express/lib/router/index.js:280:10)
[debug] [38;5;16m[AppiumDriver@f804][0m     at logger (/Users/sanjay/node_modules/morgan/index.js:144:5)
[debug] [38;5;16m[AppiumDriver@f804][0m     at Layer.handle [as handle_request] (/Users/sanjay/node_modules/express/lib/router/layer.js:95:5)
[debug] [38;5;16m[AppiumDriver@f804][0m     at trim_prefix (/Users/sanjay/node_modules/express/lib/router/index.js:328:13)
[debug] [38;5;16m[AppiumDriver@f804][0m     at /Users/sanjay/node_modules/express/lib/router/index.js:286:9
[debug] [38;5;16m[AppiumDriver@f804][0m     at Function.process_params (/Users/sanjay/node_modules/express/lib/router/index.js:346:12)
[debug] [38;5;16m[AppiumDriver@f804][0m     at next (/Users/sanjay/node_modules/express/lib/router/index.js:280:10)
[debug] [38;5;16m[AppiumDriver@f804][0m     at jsonParser (/Users/sanjay/node_modules/body-parser/lib/types/json.js:110:7)
[debug] [38;5;16m[AppiumDriver@f804][0m     at Layer.handle [as handle_request] (/Users/sanjay/node_modules/express/lib/router/layer.js:95:5)
[debug] [38;5;16m[AppiumDriver@f804][0m     at trim_prefix (/Users/sanjay/node_modules/express/lib/router/index.js:328:13)
[debug] [38;5;16m[AppiumDriver@f804][0m     at /Users/sanjay/node_modules/express/lib/router/index.js:286:9
[debug] [38;5;16m[AppiumDriver@f804][0m     at Function.process_params (/Users/sanjay/node_modules/express/lib/router/index.js:346:12)
[debug] [38;5;16m[AppiumDriver@f804][0m     at next (/Users/sanjay/node_modules/express/lib/router/index.js:280:10)
[debug] [38;5;16m[AppiumDriver@f804][0m     at Layer.handle [as handle_request] (/Users/sanjay/node_modules/express/lib/router/layer.js:91:12)
[debug] [38;5;16m[AppiumDriver@f804][0m     at trim_prefix (/Users/sanjay/node_modules/express/lib/router/index.js:328:13)
[debug] [38;5;16m[AppiumDriver@f804][0m     at /Users/sanjay/node_modules/express/lib/router/index.js:286:9
[debug] [38;5;16m[AppiumDriver@f804][0m     at Function.process_params (/Users/sanjay/node_modules/express/lib/router/index.js:346:12)
[debug] [38;5;16m[AppiumDriver@f804][0m     at next (/Users/sanjay/node_modules/express/lib/router/index.js:280:10)
[38;5;0m[HTTP][0m [37m<-- GET /session/08dea00d-33dd-4858-bbec-8dd963791b04/timeouts [39m[33m404[39m [90m42 ms - 2572[39m
[38;5;0m[HTTP][0m [90m[39m
[38;5;0m[HTTP][0m [37m-->[39m [37mPOST[39m [37m/session[39m
[38;5;0m[HTTP][0m [90m{"capabilities":{"alwaysMatch":{"appium:platformName":"android","appium:deviceName":"emulator-5554","appium:automationName":"UiAutomator2","appium:app":"/Users/sanjay/Documents/Automation/appium-webdriver01/webdriver-appium-v8/app/android/app-DE-debug.apk"},"firstMatch":[{}]},"desiredCapabilities":{"appium:platformName":"android","appium:deviceName":"emulator-5554","appium:automationName":"UiAutomator2","appium:app":"/Users/sanjay/Documents/Automation/appium-webdriver01/webdriver-appium-v8/app/android/app-DE-debug.apk"}}[39m
[debug] [38;5;16m[AppiumDriver@f804][0m Calling AppiumDriver.createSession() with args: [{"appium:platformName":"android","appium:deviceName":"emulator-5554","appium:automationName":"UiAutomator2","appium:app":"/Users/sanjay/Documents/Automation/appium-webdriver01/webdriver-appium-v8/app/android/app-DE-debug.apk"},null,{"alwaysMatch":{"appium:platformName":"android","appium:deviceName":"emulator-5554","appium:automationName":"UiAutomator2","appium:app":"/Users/sanjay/Documents/Automation/appium-webdriver01/webdriver-appium-v8/app/android/app-DE-debug.apk"},"firstMatch":[{}]}]
[debug] [38;5;16m[AppiumDriver@f804][0m Event 'newSessionRequested' logged at 1672827734689 (15:52:14 GMT+0530 (India Standard Time))
[38;5;32m[BaseDriver][0m The capabilities ["platformName"] are standard capabilities and do not require "appium:" prefix
[35m[Appium][39m Attempting to find matching driver for automationName 'UiAutomator2' and platformName 'android'
[35m[Appium][39m The 'uiautomator2' driver was installed and matched caps.
[35m[Appium][39m Will require it at /Users/sanjay/.appium/node_modules/appium-uiautomator2-driver
[debug] [35m[Appium][39m Requiring driver at /Users/sanjay/.appium/node_modules/appium-uiautomator2-driver
[38;5;16m[AppiumDriver@f804][0m Appium v2.0.0-beta.47 creating new AndroidUiautomator2Driver (v2.12.0) session
[38;5;16m[AppiumDriver@f804][0m Checking BaseDriver versions for Appium and AndroidUiautomator2Driver
[38;5;16m[AppiumDriver@f804][0m Appium's BaseDriver version is 9.0.0
[38;5;16m[AppiumDriver@f804][0m AndroidUiautomator2Driver's BaseDriver version is 9.0.0
[debug] [38;5;48m[AndroidUiautomator2Driver@0529][0m Creating session with W3C capabilities: {
[debug] [38;5;48m[AndroidUiautomator2Driver@0529][0m   "alwaysMatch": {
[debug] [38;5;48m[AndroidUiautomator2Driver@0529][0m     "platformName": "android",
[debug] [38;5;48m[AndroidUiautomator2Driver@0529][0m     "appium:deviceName": "emulator-5554",
[debug] [38;5;48m[AndroidUiautomator2Driver@0529][0m     "appium:automationName": "UiAutomator2",
[debug] [38;5;48m[AndroidUiautomator2Driver@0529][0m     "appium:app": "/Users/sanjay/Documents/Automation/appium-webdriver01/webdriver-appium-v8/app/android/app-DE-debug.apk"
[debug] [38;5;48m[AndroidUiautomator2Driver@0529][0m   },
[debug] [38;5;48m[AndroidUiautomator2Driver@0529][0m   "firstMatch": [
[debug] [38;5;48m[AndroidUiautomator2Driver@0529][0m     {}
[debug] [38;5;48m[AndroidUiautomator2Driver@0529][0m   ]
[debug] [38;5;48m[AndroidUiautomator2Driver@0529][0m }
[38;5;48m[AndroidUiautomator2Driver@0529 (e0a8ceb2)][0m Session created with session id: e0a8ceb2-3051-4bb9-9527-a48d899affa4
[38;5;32m[BaseDriver][0m Using local app '/Users/sanjay/Documents/Automation/appium-webdriver01/webdriver-appium-v8/app/android/app-DE-debug.apk'
[debug] [38;5;48m[AndroidUiautomator2Driver@0529 (e0a8ceb2)][0m Checking whether app is actually present
[38;5;64m[ADB][0m Found 4 'build-tools' folders under '/Users/sanjay/Library/Android/sdk' (newest first):
[38;5;64m[ADB][0m     /Users/sanjay/Library/Android/sdk/build-tools/33.0.0
[38;5;64m[ADB][0m     /Users/sanjay/Library/Android/sdk/build-tools/30.0.3
[38;5;64m[ADB][0m     /Users/sanjay/Library/Android/sdk/build-tools/30.0.3-2
[38;5;64m[ADB][0m     /Users/sanjay/Library/Android/sdk/build-tools/30.0.2
[38;5;64m[ADB][0m Using 'adb' from '/Users/sanjay/Library/Android/sdk/platform-tools/adb'
[debug] [38;5;64m[ADB][0m Running '/Users/sanjay/Library/Android/sdk/platform-tools/adb -P 5037 start-server'
[38;5;80m[AndroidDriver][0m Retrieving device list
[debug] [38;5;64m[ADB][0m Trying to find a connected android device
[debug] [38;5;64m[ADB][0m Getting connected devices
[debug] [38;5;64m[ADB][0m Connected devices: [{"udid":"emulator-5554","state":"device"}]
[38;5;80m[AndroidDriver][0m Using device: emulator-5554
[38;5;64m[ADB][0m Using 'adb' from '/Users/sanjay/Library/Android/sdk/platform-tools/adb'
[debug] [38;5;64m[ADB][0m Running '/Users/sanjay/Library/Android/sdk/platform-tools/adb -P 5037 start-server'
[debug] [38;5;64m[ADB][0m Setting device id to emulator-5554
[debug] [38;5;64m[ADB][0m Running '/Users/sanjay/Library/Android/sdk/platform-tools/adb -P 5037 -s emulator-5554 shell getprop ro.build.version.sdk'
[debug] [38;5;64m[ADB][0m Current device property 'ro.build.version.sdk': 30
[38;5;64m[ADB][0m Getting device platform version
[debug] [38;5;64m[ADB][0m Running '/Users/sanjay/Library/Android/sdk/platform-tools/adb -P 5037 -s emulator-5554 shell getprop ro.build.version.release'
[debug] [38;5;64m[ADB][0m Current device property 'ro.build.version.release': 11
[debug] [38;5;64m[ADB][0m Device API level: 30
[38;5;48m[AndroidUiautomator2Driver@0529 (e0a8ceb2)][0m Relaxing hidden api policy
[debug] [38;5;64m[ADB][0m Running '/Users/sanjay/Library/Android/sdk/platform-tools/adb -P 5037 -s emulator-5554 shell 'settings put global hidden_api_policy_pre_p_apps 1;settings put global hidden_api_policy_p_apps 1;settings put global hidden_api_policy 1''
[debug] [38;5;80m[AndroidDriver][0m Parsing package and activity from app manifest
[38;5;64m[ADB][0m Package name: 'de.clark.app.debug'
[38;5;64m[ADB][0m Main activity name: 'de.clark.shell.app.MainActivity'
[debug] [38;5;80m[AndroidDriver][0m Parsed package and activity are: de.clark.app.debug/de.clark.shell.app.MainActivity
[debug] [38;5;64m[ADB][0m Running '/Users/sanjay/Library/Android/sdk/platform-tools/adb -P 5037 -s emulator-5554 wait-for-device'
[debug] [38;5;64m[ADB][0m Running '/Users/sanjay/Library/Android/sdk/platform-tools/adb -P 5037 -s emulator-5554 shell echo ping'
[debug] [38;5;80m[AndroidDriver][0m Pushing settings apk to device...
[debug] [38;5;64m[ADB][0m Getting install status for io.appium.settings
[debug] [38;5;64m[ADB][0m Running '/Users/sanjay/Library/Android/sdk/platform-tools/adb -P 5037 -s emulator-5554 shell dumpsys package io.appium.settings'
[debug] [38;5;64m[ADB][0m 'io.appium.settings' is installed
[debug] [38;5;64m[ADB][0m Getting package info for 'io.appium.settings'
[debug] [38;5;64m[ADB][0m Running '/Users/sanjay/Library/Android/sdk/platform-tools/adb -P 5037 -s emulator-5554 shell dumpsys package io.appium.settings'
[debug] [38;5;64m[ADB][0m The version code of the installed 'io.appium.settings' is greater than the application version code (52 > 51)
[debug] [38;5;64m[ADB][0m There is no need to downgrade 'io.appium.settings'
[debug] [38;5;64m[ADB][0m Getting IDs of all 'io.appium.settings' processes
[debug] [38;5;64m[ADB][0m Running '/Users/sanjay/Library/Android/sdk/platform-tools/adb -P 5037 -s emulator-5554 shell 'pgrep --help; echo $?''
[debug] [38;5;64m[ADB][0m Running '/Users/sanjay/Library/Android/sdk/platform-tools/adb -P 5037 -s emulator-5554 shell pgrep -f \(\[\[:blank:\]\]\|\^\)io\.appium\.settings\(\[\[:blank:\]\]\|\$\)'
[debug] [38;5;80m[AndroidDriver][0m io.appium.settings is already running. There is no need to reset its permissions.
[debug] [38;5;96m[Logcat][0m Starting logs capture with command: /Users/sanjay/Library/Android/sdk/platform-tools/adb -P 5037 -s emulator-5554 logcat -v threadtime
[debug] [38;5;48m[AndroidUiautomator2Driver@0529 (e0a8ceb2)][0m Forwarding UiAutomator2 Server port 6790 to local port 8204
[debug] [38;5;64m[ADB][0m Forwarding system: 8204 to device: 6790
[debug] [38;5;64m[ADB][0m Running '/Users/sanjay/Library/Android/sdk/platform-tools/adb -P 5037 -s emulator-5554 forward tcp:8204 tcp:6790'
[debug] [38;5;64m[ADB][0m Getting install status for io.appium.uiautomator2.server
[debug] [38;5;64m[ADB][0m Running '/Users/sanjay/Library/Android/sdk/platform-tools/adb -P 5037 -s emulator-5554 shell dumpsys package io.appium.uiautomator2.server'
[debug] [38;5;64m[ADB][0m 'io.appium.uiautomator2.server' is installed
[debug] [38;5;64m[ADB][0m Getting package info for 'io.appium.uiautomator2.server'
[debug] [38;5;64m[ADB][0m Running '/Users/sanjay/Library/Android/sdk/platform-tools/adb -P 5037 -s emulator-5554 shell dumpsys package io.appium.uiautomator2.server'
[debug] [38;5;64m[ADB][0m The version name of the installed 'io.appium.uiautomator2.server' is greater or equal to the application version name ('5.7.5' >= '5.7.5')
[debug] [38;5;48m[AndroidUiautomator2Driver@0529 (e0a8ceb2)][0m io.appium.uiautomator2.server installation state: sameVersionInstalled
[debug] [38;5;64m[ADB][0m Checking app cert for /Users/sanjay/.appium/node_modules/appium-uiautomator2-driver/node_modules/appium-uiautomator2-server/apks/appium-uiautomator2-server-v5.7.5.apk
[38;5;64m[ADB][0m Using 'apksigner.jar' from '/Users/sanjay/Library/Android/sdk/build-tools/33.0.0/lib/apksigner.jar'
[debug] [38;5;64m[ADB][0m Starting apksigner: /Library/Java/JavaVirtualMachines/temurin-17.jdk/Contents/Home/bin/java -Xmx1024M -Xss1m -jar /Users/sanjay/Library/Android/sdk/build-tools/33.0.0/lib/apksigner.jar verify --print-certs /Users/sanjay/.appium/node_modules/appium-uiautomator2-driver/node_modules/appium-uiautomator2-server/apks/appium-uiautomator2-server-v5.7.5.apk
[38;5;0m[HTTP][0m [37m-->[39m [37mGET[39m [37m/session/08dea00d-33dd-4858-bbec-8dd963791b04/timeouts[39m
[38;5;0m[HTTP][0m [90m{}[39m
[debug] [38;5;16m[AppiumDriver@f804][0m Encountered internal error running command: NoSuchDriverError: A session is either terminated or not started
[debug] [38;5;16m[AppiumDriver@f804][0m     at asyncHandler (/Users/sanjay/node_modules/@appium/base-driver/lib/protocol/protocol.js:268:15)
[debug] [38;5;16m[AppiumDriver@f804][0m     at /Users/sanjay/node_modules/@appium/base-driver/lib/protocol/protocol.js:462:15
[debug] [38;5;16m[AppiumDriver@f804][0m     at Layer.handle [as handle_request] (/Users/sanjay/node_modules/express/lib/router/layer.js:95:5)
[debug] [38;5;16m[AppiumDriver@f804][0m     at next (/Users/sanjay/node_modules/express/lib/router/route.js:144:13)
[debug] [38;5;16m[AppiumDriver@f804][0m     at Route.dispatch (/Users/sanjay/node_modules/express/lib/router/route.js:114:3)
[debug] [38;5;16m[AppiumDriver@f804][0m     at Layer.handle [as handle_request] (/Users/sanjay/node_modules/express/lib/router/layer.js:95:5)
[debug] [38;5;16m[AppiumDriver@f804][0m     at /Users/sanjay/node_modules/express/lib/router/index.js:284:15
[debug] [38;5;16m[AppiumDriver@f804][0m     at param (/Users/sanjay/node_modules/express/lib/router/index.js:365:14)
[debug] [38;5;16m[AppiumDriver@f804][0m     at param (/Users/sanjay/node_modules/express/lib/router/index.js:376:14)
[debug] [38;5;16m[AppiumDriver@f804][0m     at Function.process_params (/Users/sanjay/node_modules/express/lib/router/index.js:421:3)
[debug] [38;5;16m[AppiumDriver@f804][0m     at next (/Users/sanjay/node_modules/express/lib/router/index.js:280:10)
[debug] [38;5;16m[AppiumDriver@f804][0m     at logger (/Users/sanjay/node_modules/morgan/index.js:144:5)
[debug] [38;5;16m[AppiumDriver@f804][0m     at Layer.handle [as handle_request] (/Users/sanjay/node_modules/express/lib/router/layer.js:95:5)
[debug] [38;5;16m[AppiumDriver@f804][0m     at trim_prefix (/Users/sanjay/node_modules/express/lib/router/index.js:328:13)
[debug] [38;5;16m[AppiumDriver@f804][0m     at /Users/sanjay/node_modules/express/lib/router/index.js:286:9
[debug] [38;5;16m[AppiumDriver@f804][0m     at Function.process_params (/Users/sanjay/node_modules/express/lib/router/index.js:346:12)
[debug] [38;5;16m[AppiumDriver@f804][0m     at next (/Users/sanjay/node_modules/express/lib/router/index.js:280:10)
[debug] [38;5;16m[AppiumDriver@f804][0m     at jsonParser (/Users/sanjay/node_modules/body-parser/lib/types/json.js:110:7)
[debug] [38;5;16m[AppiumDriver@f804][0m     at Layer.handle [as handle_request] (/Users/sanjay/node_modules/express/lib/router/layer.js:95:5)
[debug] [38;5;16m[AppiumDriver@f804][0m     at trim_prefix (/Users/sanjay/node_modules/express/lib/router/index.js:328:13)
[debug] [38;5;16m[AppiumDriver@f804][0m     at /Users/sanjay/node_modules/express/lib/router/index.js:286:9
[debug] [38;5;16m[AppiumDriver@f804][0m     at Function.process_params (/Users/sanjay/node_modules/express/lib/router/index.js:346:12)
[debug] [38;5;16m[AppiumDriver@f804][0m     at next (/Users/sanjay/node_modules/express/lib/router/index.js:280:10)
[debug] [38;5;16m[AppiumDriver@f804][0m     at Layer.handle [as handle_request] (/Users/sanjay/node_modules/express/lib/router/layer.js:91:12)
[debug] [38;5;16m[AppiumDriver@f804][0m     at trim_prefix (/Users/sanjay/node_modules/express/lib/router/index.js:328:13)
[debug] [38;5;16m[AppiumDriver@f804][0m     at /Users/sanjay/node_modules/express/lib/router/index.js:286:9
[debug] [38;5;16m[AppiumDriver@f804][0m     at Function.process_params (/Users/sanjay/node_modules/express/lib/router/index.js:346:12)
[debug] [38;5;16m[AppiumDriver@f804][0m     at next (/Users/sanjay/node_modules/express/lib/router/index.js:280:10)
[38;5;0m[HTTP][0m [37m<-- GET /session/08dea00d-33dd-4858-bbec-8dd963791b04/timeouts [39m[33m404[39m [90m7 ms - 2572[39m
[38;5;0m[HTTP][0m [90m[39m
[debug] [38;5;64m[ADB][0m apksigner stdout: Signer #1 certificate DN: EMAILADDRESS=android@android.com, CN=Android, OU=Android, O=Android, L=Mountain View, ST=California, C=US
[debug] [38;5;64m[ADB][0m Signer #1 certificate SHA-256 digest: a40da80a59d170caa950cf15c18c454d47a39b26989d8b640ecd745ba71bf5dc
[debug] [38;5;64m[ADB][0m Signer #1 certificate SHA-1 digest: 61ed377e85d386a8dfee6b864bd85b0bfaa5af81
[debug] [38;5;64m[ADB][0m Signer #1 certificate MD5 digest: e89b158e4bcf988ebd09eb83f5378e87
[debug] [38;5;64m[ADB][0m 
[debug] [38;5;64m[ADB][0m sha256 hash did match for 'appium-uiautomator2-server-v5.7.5.apk'
[38;5;64m[ADB][0m '/Users/sanjay/.appium/node_modules/appium-uiautomator2-driver/node_modules/appium-uiautomator2-server/apks/appium-uiautomator2-server-v5.7.5.apk' is signed with the default certificate
[debug] [38;5;64m[ADB][0m Getting install status for io.appium.uiautomator2.server.test
[debug] [38;5;64m[ADB][0m Running '/Users/sanjay/Library/Android/sdk/platform-tools/adb -P 5037 -s emulator-5554 shell dumpsys package io.appium.uiautomator2.server.test'
[debug] [38;5;64m[ADB][0m 'io.appium.uiautomator2.server.test' is installed
[debug] [38;5;64m[ADB][0m Checking app cert for /Users/sanjay/.appium/node_modules/appium-uiautomator2-driver/node_modules/appium-uiautomator2-server/apks/appium-uiautomator2-server-debug-androidTest.apk
[debug] [38;5;64m[ADB][0m Starting apksigner: /Library/Java/JavaVirtualMachines/temurin-17.jdk/Contents/Home/bin/java -Xmx1024M -Xss1m -jar /Users/sanjay/Library/Android/sdk/build-tools/33.0.0/lib/apksigner.jar verify --print-certs /Users/sanjay/.appium/node_modules/appium-uiautomator2-driver/node_modules/appium-uiautomator2-server/apks/appium-uiautomator2-server-debug-androidTest.apk
[debug] [38;5;64m[ADB][0m apksigner stdout: Signer #1 certificate DN: EMAILADDRESS=android@android.com, CN=Android, OU=Android, O=Android, L=Mountain View, ST=California, C=US
[debug] [38;5;64m[ADB][0m Signer #1 certificate SHA-256 digest: a40da80a59d170caa950cf15c18c454d47a39b26989d8b640ecd745ba71bf5dc
[debug] [38;5;64m[ADB][0m Signer #1 certificate SHA-1 digest: 61ed377e85d386a8dfee6b864bd85b0bfaa5af81
[debug] [38;5;64m[ADB][0m Signer #1 certificate MD5 digest: e89b158e4bcf988ebd09eb83f5378e87
[debug] [38;5;64m[ADB][0m 
[debug] [38;5;64m[ADB][0m sha256 hash did match for 'appium-uiautomator2-server-debug-androidTest.apk'
[38;5;64m[ADB][0m '/Users/sanjay/.appium/node_modules/appium-uiautomator2-driver/node_modules/appium-uiautomator2-server/apks/appium-uiautomator2-server-debug-androidTest.apk' is signed with the default certificate
[38;5;48m[AndroidUiautomator2Driver@0529 (e0a8ceb2)][0m Server packages are not going to be (re)installed
[debug] [38;5;48m[AndroidUiautomator2Driver@0529 (e0a8ceb2)][0m Waiting up to 30000ms for services to be available
[debug] [38;5;64m[ADB][0m Running '/Users/sanjay/Library/Android/sdk/platform-tools/adb -P 5037 -s emulator-5554 shell pm list instrumentation'
[debug] [38;5;48m[AndroidUiautomator2Driver@0529 (e0a8ceb2)][0m Instrumentation target 'io.appium.uiautomator2.server.test/androidx.test.runner.AndroidJUnitRunner' is available
[38;5;64m[ADB][0m Adding packages ["io.appium.settings","io.appium.uiautomator2.server","io.appium.uiautomator2.server.test"] to Doze whitelist
[debug] [38;5;64m[ADB][0m Got the following command chunks to execute: [["dumpsys","deviceidle","whitelist","+io.appium.settings",";","dumpsys","deviceidle","whitelist","+io.appium.uiautomator2.server",";","dumpsys","deviceidle","whitelist","+io.appium.uiautomator2.server.test",";"]]
[debug] [38;5;64m[ADB][0m Running '/Users/sanjay/Library/Android/sdk/platform-tools/adb -P 5037 -s emulator-5554 shell dumpsys deviceidle whitelist +io.appium.settings ; dumpsys deviceidle whitelist +io.appium.uiautomator2.server ; dumpsys deviceidle whitelist +io.appium.uiautomator2.server.test ;'
[debug] [38;5;64m[ADB][0m Checking app cert for /Users/sanjay/Documents/Automation/appium-webdriver01/webdriver-appium-v8/app/android/app-DE-debug.apk
[debug] [38;5;64m[ADB][0m Starting apksigner: /Library/Java/JavaVirtualMachines/temurin-17.jdk/Contents/Home/bin/java -Xmx1024M -Xss1m -jar /Users/sanjay/Library/Android/sdk/build-tools/33.0.0/lib/apksigner.jar verify --print-certs /Users/sanjay/Documents/Automation/appium-webdriver01/webdriver-appium-v8/app/android/app-DE-debug.apk
[debug] [38;5;64m[ADB][0m apksigner stdout: Signer #1 certificate DN: CN=Android Debug, O=Android, C=US
[debug] [38;5;64m[ADB][0m Signer #1 certificate SHA-256 digest: a368e2c96146901ceb01b51598e408dd576d03626bd8c4f233ceaaf65414f2e9
[debug] [38;5;64m[ADB][0m Signer #1 certificate SHA-1 digest: 4450b6a248a90d44a3f176a30daf63f6727c9529
[debug] [38;5;64m[ADB][0m Signer #1 certificate MD5 digest: 8794b8337ac7d39528bde5ed1c0bbaa3
[debug] [38;5;64m[ADB][0m 
[38;5;64m[ADB][0m '/Users/sanjay/Documents/Automation/appium-webdriver01/webdriver-appium-v8/app/android/app-DE-debug.apk' is signed with a non-default certificate
[debug] [38;5;64m[ADB][0m Getting install status for de.clark.app.debug
[debug] [38;5;64m[ADB][0m Running '/Users/sanjay/Library/Android/sdk/platform-tools/adb -P 5037 -s emulator-5554 shell dumpsys package de.clark.app.debug'
[debug] [38;5;64m[ADB][0m 'de.clark.app.debug' is installed
[debug] [38;5;64m[ADB][0m Getting package info for 'de.clark.app.debug'
[debug] [38;5;64m[ADB][0m Running '/Users/sanjay/Library/Android/sdk/platform-tools/adb -P 5037 -s emulator-5554 shell dumpsys package de.clark.app.debug'
[debug] [38;5;64m[ADB][0m The version name of the installed 'de.clark.app.debug' is greater or equal to the application version name ('4.0.5' >= '4.0.5')
[debug] [38;5;64m[ADB][0m There is no need to install/upgrade '/Users/sanjay/Documents/Automation/appium-webdriver01/webdriver-appium-v8/app/android/app-DE-debug.apk'
[38;5;80m[AndroidDriver][0m Performing fast reset on 'de.clark.app.debug'
[debug] [38;5;64m[ADB][0m Getting install status for de.clark.app.debug
[debug] [38;5;64m[ADB][0m Running '/Users/sanjay/Library/Android/sdk/platform-tools/adb -P 5037 -s emulator-5554 shell dumpsys package de.clark.app.debug'
[debug] [38;5;64m[ADB][0m 'de.clark.app.debug' is installed
[debug] [38;5;64m[ADB][0m Running '/Users/sanjay/Library/Android/sdk/platform-tools/adb -P 5037 -s emulator-5554 shell am force-stop de.clark.app.debug'
[debug] [38;5;64m[ADB][0m Running '/Users/sanjay/Library/Android/sdk/platform-tools/adb -P 5037 -s emulator-5554 shell pm clear de.clark.app.debug'
[debug] [38;5;80m[AndroidDriver][0m Performed fast reset on the installed 'de.clark.app.debug' application (stop and clear)
[debug] [38;5;48m[AndroidUiautomator2Driver@0529 (e0a8ceb2)][0m Performing shallow cleanup of automation leftovers
[debug] [38;5;48m[AndroidUiautomator2Driver@0529 (e0a8ceb2)][0m No obsolete sessions have been detected (socket hang up)
[debug] [38;5;64m[ADB][0m Running '/Users/sanjay/Library/Android/sdk/platform-tools/adb -P 5037 -s emulator-5554 shell am force-stop io.appium.uiautomator2.server.test'
[38;5;48m[AndroidUiautomator2Driver@0529 (e0a8ceb2)][0m Starting UIAutomator2 server 5.7.5
[38;5;48m[AndroidUiautomator2Driver@0529 (e0a8ceb2)][0m Using UIAutomator2 server from '/Users/sanjay/.appium/node_modules/appium-uiautomator2-driver/node_modules/appium-uiautomator2-server/apks/appium-uiautomator2-server-v5.7.5.apk' and test from '/Users/sanjay/.appium/node_modules/appium-uiautomator2-driver/node_modules/appium-uiautomator2-server/apks/appium-uiautomator2-server-debug-androidTest.apk'
[38;5;48m[AndroidUiautomator2Driver@0529 (e0a8ceb2)][0m Waiting up to 30000ms for UiAutomator2 to be online...
[debug] [38;5;64m[ADB][0m Creating ADB subprocess with args: ["-P",5037,"-s","emulator-5554","shell","am","instrument","-w","-e","disableAnalytics",true,"io.appium.uiautomator2.server.test/androidx.test.runner.AndroidJUnitRunner"]
[debug] [38;5;48m[AndroidUiautomator2Driver@0529 (e0a8ceb2)][0m Matched '/status' to command name 'getStatus'
[debug] [38;5;48m[AndroidUiautomator2Driver@0529 (e0a8ceb2)][0m Proxying [GET /status] to [GET http://127.0.0.1:8204/status] with no body
[38;5;48m[AndroidUiautomator2Driver@0529 (e0a8ceb2)][0m socket hang up
[debug] [38;5;48m[AndroidUiautomator2Driver@0529 (e0a8ceb2)][0m Matched '/status' to command name 'getStatus'
[debug] [38;5;48m[AndroidUiautomator2Driver@0529 (e0a8ceb2)][0m Proxying [GET /status] to [GET http://127.0.0.1:8204/status] with no body
[38;5;48m[AndroidUiautomator2Driver@0529 (e0a8ceb2)][0m socket hang up
[38;5;0m[HTTP][0m [37m-->[39m [37mGET[39m [37m/session/08dea00d-33dd-4858-bbec-8dd963791b04/timeouts[39m
[38;5;0m[HTTP][0m [90m{}[39m
[debug] [38;5;16m[AppiumDriver@f804][0m Encountered internal error running command: NoSuchDriverError: A session is either terminated or not started
[debug] [38;5;16m[AppiumDriver@f804][0m     at asyncHandler (/Users/sanjay/node_modules/@appium/base-driver/lib/protocol/protocol.js:268:15)
[debug] [38;5;16m[AppiumDriver@f804][0m     at /Users/sanjay/node_modules/@appium/base-driver/lib/protocol/protocol.js:462:15
[debug] [38;5;16m[AppiumDriver@f804][0m     at Layer.handle [as handle_request] (/Users/sanjay/node_modules/express/lib/router/layer.js:95:5)
[debug] [38;5;16m[AppiumDriver@f804][0m     at next (/Users/sanjay/node_modules/express/lib/router/route.js:144:13)
[debug] [38;5;16m[AppiumDriver@f804][0m     at Route.dispatch (/Users/sanjay/node_modules/express/lib/router/route.js:114:3)
[debug] [38;5;16m[AppiumDriver@f804][0m     at Layer.handle [as handle_request] (/Users/sanjay/node_modules/express/lib/router/layer.js:95:5)
[debug] [38;5;16m[AppiumDriver@f804][0m     at /Users/sanjay/node_modules/express/lib/router/index.js:284:15
[debug] [38;5;16m[AppiumDriver@f804][0m     at param (/Users/sanjay/node_modules/express/lib/router/index.js:365:14)
[debug] [38;5;16m[AppiumDriver@f804][0m     at param (/Users/sanjay/node_modules/express/lib/router/index.js:376:14)
[debug] [38;5;16m[AppiumDriver@f804][0m     at Function.process_params (/Users/sanjay/node_modules/express/lib/router/index.js:421:3)
[debug] [38;5;16m[AppiumDriver@f804][0m     at next (/Users/sanjay/node_modules/express/lib/router/index.js:280:10)
[debug] [38;5;16m[AppiumDriver@f804][0m     at logger (/Users/sanjay/node_modules/morgan/index.js:144:5)
[debug] [38;5;16m[AppiumDriver@f804][0m     at Layer.handle [as handle_request] (/Users/sanjay/node_modules/express/lib/router/layer.js:95:5)
[debug] [38;5;16m[AppiumDriver@f804][0m     at trim_prefix (/Users/sanjay/node_modules/express/lib/router/index.js:328:13)
[debug] [38;5;16m[AppiumDriver@f804][0m     at /Users/sanjay/node_modules/express/lib/router/index.js:286:9
[debug] [38;5;16m[AppiumDriver@f804][0m     at Function.process_params (/Users/sanjay/node_modules/express/lib/router/index.js:346:12)
[debug] [38;5;16m[AppiumDriver@f804][0m     at next (/Users/sanjay/node_modules/express/lib/router/index.js:280:10)
[debug] [38;5;16m[AppiumDriver@f804][0m     at jsonParser (/Users/sanjay/node_modules/body-parser/lib/types/json.js:110:7)
[debug] [38;5;16m[AppiumDriver@f804][0m     at Layer.handle [as handle_request] (/Users/sanjay/node_modules/express/lib/router/layer.js:95:5)
[debug] [38;5;16m[AppiumDriver@f804][0m     at trim_prefix (/Users/sanjay/node_modules/express/lib/router/index.js:328:13)
[debug] [38;5;16m[AppiumDriver@f804][0m     at /Users/sanjay/node_modules/express/lib/router/index.js:286:9
[debug] [38;5;16m[AppiumDriver@f804][0m     at Function.process_params (/Users/sanjay/node_modules/express/lib/router/index.js:346:12)
[debug] [38;5;16m[AppiumDriver@f804][0m     at next (/Users/sanjay/node_modules/express/lib/router/index.js:280:10)
[debug] [38;5;16m[AppiumDriver@f804][0m     at Layer.handle [as handle_request] (/Users/sanjay/node_modules/express/lib/router/layer.js:91:12)
[debug] [38;5;16m[AppiumDriver@f804][0m     at trim_prefix (/Users/sanjay/node_modules/express/lib/router/index.js:328:13)
[debug] [38;5;16m[AppiumDriver@f804][0m     at /Users/sanjay/node_modules/express/lib/router/index.js:286:9
[debug] [38;5;16m[AppiumDriver@f804][0m     at Function.process_params (/Users/sanjay/node_modules/express/lib/router/index.js:346:12)
[debug] [38;5;16m[AppiumDriver@f804][0m     at next (/Users/sanjay/node_modules/express/lib/router/index.js:280:10)
[38;5;0m[HTTP][0m [37m<-- GET /session/08dea00d-33dd-4858-bbec-8dd963791b04/timeouts [39m[33m404[39m [90m4 ms - 2572[39m
[38;5;0m[HTTP][0m [90m[39m
[debug] [38;5;112m[Instrumentation][0m io.appium.uiautomator2.server.test.AppiumUiAutomator2Server:
[debug] [38;5;48m[AndroidUiautomator2Driver@0529 (e0a8ceb2)][0m Matched '/status' to command name 'getStatus'
[debug] [38;5;48m[AndroidUiautomator2Driver@0529 (e0a8ceb2)][0m Proxying [GET /status] to [GET http://127.0.0.1:8204/status] with no body
[38;5;48m[AndroidUiautomator2Driver@0529 (e0a8ceb2)][0m socket hang up
[debug] [38;5;48m[AndroidUiautomator2Driver@0529 (e0a8ceb2)][0m Matched '/status' to command name 'getStatus'
[debug] [38;5;48m[AndroidUiautomator2Driver@0529 (e0a8ceb2)][0m Proxying [GET /status] to [GET http://127.0.0.1:8204/status] with no body
[38;5;48m[AndroidUiautomator2Driver@0529 (e0a8ceb2)][0m socket hang up
[debug] [38;5;48m[AndroidUiautomator2Driver@0529 (e0a8ceb2)][0m Matched '/status' to command name 'getStatus'
[debug] [38;5;48m[AndroidUiautomator2Driver@0529 (e0a8ceb2)][0m Proxying [GET /status] to [GET http://127.0.0.1:8204/status] with no body
[debug] [38;5;48m[AndroidUiautomator2Driver@0529 (e0a8ceb2)][0m Got response with status 200: {"sessionId":"None","value":{"message":"UiAutomator2 Server is ready to accept commands","ready":true}}
[debug] [38;5;48m[AndroidUiautomator2Driver@0529 (e0a8ceb2)][0m The initialization of the instrumentation process took 4247ms
[debug] [38;5;48m[AndroidUiautomator2Driver@0529 (e0a8ceb2)][0m Matched '/session' to command name 'createSession'
[debug] [38;5;48m[AndroidUiautomator2Driver@0529 (e0a8ceb2)][0m Proxying [POST /session] to [POST http://127.0.0.1:8204/session] with body: {"capabilities":{"firstMatch":[{"platform":"LINUX","webStorageEnabled":false,"takesScreenshot":true,"javascriptEnabled":true,"databaseEnabled":false,"networkConnectionEnabled":true,"locationContextEnabled":false,"warnings":{},"desired":{"platformName":"android","deviceName":"emulator-5554","automationName":"UiAutomator2","app":"/Users/sanjay/Documents/Automation/appium-webdriver01/webdriver-appium-v8/app/android/app-DE-debug.apk"},"platformName":"android","deviceName":"emulator-5554","automationName":"UiAutomator2","app":"/Users/sanjay/Documents/Automation/appium-webdriver01/webdriver-appium-v8/app/android/app-DE-debug.apk","deviceUDID":"emulator-5554","appPackage":"de.clark.app.debug"}],"alwaysMatch":{}}}
[debug] [38;5;48m[AndroidUiautomator2Driver@0529 (e0a8ceb2)][0m Got response with status 200: {"sessionId":"81053223-ed6c-402b-8e8b-cb78da51b2e1","value":{"capabilities":{"firstMatch":[{"platform":"LINUX","webStorageEnabled":false,"takesScreenshot":true,"javascriptEnabled":true,"databaseEnabled":false,"networkConnectionEnabled":true,"locationContextEnabled":false,"warnings":{},"desired":{"platformName":"android","deviceName":"emulator-5554","automationName":"UiAutomator2","app":"/Users/sanjay/Documents/Automation/appium-webdriver01/webdriver-appium-v8/app/android/app-DE-debug.apk"},"platformName":"android","deviceName":"emulator-5554","automationName":"UiAutomator2","app":"/Users/sanjay/Documents/Automation/appium-webdriver01/webdriver-appium-v8/app/android/app-DE-debug.apk","deviceUDID":"emulator-5554","appPackage":"de.clark.app.debug"}],"alwaysMatch":{}},"sessionId":"81053223-ed6c-402b-8e8b-cb78da51b2e1"}}
[38;5;48m[AndroidUiautomator2Driver@0529 (e0a8ceb2)][0m Determined the downstream protocol as 'W3C'
[debug] [38;5;48m[AndroidUiautomator2Driver@0529 (e0a8ceb2)][0m Proxying [GET /appium/device/info] to [GET http://127.0.0.1:8204/session/81053223-ed6c-402b-8e8b-cb78da51b2e1/appium/device/info] with no body
[debug] [38;5;48m[AndroidUiautomator2Driver@0529 (e0a8ceb2)][0m Got response with status 200: {"sessionId":"81053223-ed6c-402b-8e8b-cb78da51b2e1","value":{"androidId":"7f602503d2402877","apiVersion":"30","bluetooth":{"state":"ON"},"brand":"google","carrierName":"Android","displayDensity":440,"locale":"en_US","manufacturer":"Google","model":"sdk_gphone_x86","networks":[{"capabilities":{"SSID":null,"linkDownBandwidthKbps":141000,"linkUpstreamBandwidthKbps":141000,"networkCapabilities":"NET_CAPABILITY_NOT_METERED,NET_CAPABILITY_INTERNET,NET_CAPABILITY_NOT_RESTRICTED,NET_CAPABILITY_TRUSTED,NET_CAPABILITY_NOT_VPN,NET_CAPABILITY_VALIDATED,NET_CAPABILITY_NOT_ROAMING,NET_CAPABILITY_FOREGROUND,NET_CAPABILITY_NOT_CONGESTED,NET_CAPABILITY_NOT_SUSPENDED","signalStrength":-30,"transportTypes":"TRANSPORT_WIFI"},"detailedState":"CONNECTED","extraInfo":"","isAvailable":true,"isConnected":true,"isFailover":false,"isRoaming":false,"state":"CONNECTED","subtype":0,"subtypeName":"","type":1,"typeName":"WIFI"},{"capabilities":{"SSID":null,"linkDownBandwidthKbps":30000,"linkUpstreamBandwidthKbps":15000,"networkCapabiliti...
[debug] [38;5;64m[ADB][0m Running '/Users/sanjay/Library/Android/sdk/platform-tools/adb -P 5037 -s emulator-5554 shell dumpsys window'
[38;5;80m[AndroidDriver][0m Screen already unlocked, doing nothing
[38;5;48m[AndroidUiautomator2Driver@0529 (e0a8ceb2)][0m Starting 'de.clark.app.debug/de.clark.shell.app.MainActivity and waiting for 'de.clark.app.debug/de.clark.shell.app.MainActivity'
[debug] [38;5;64m[ADB][0m Running '/Users/sanjay/Library/Android/sdk/platform-tools/adb -P 5037 -s emulator-5554 shell am start -W -n de.clark.app.debug/de.clark.shell.app.MainActivity -S -a android.intent.action.MAIN -c android.intent.category.LAUNCHER -f 0x10200000'
[38;5;0m[HTTP][0m [37m-->[39m [37mGET[39m [37m/session/08dea00d-33dd-4858-bbec-8dd963791b04/timeouts[39m
[38;5;0m[HTTP][0m [90m{}[39m
[debug] [38;5;16m[AppiumDriver@f804][0m Encountered internal error running command: NoSuchDriverError: A session is either terminated or not started
[debug] [38;5;16m[AppiumDriver@f804][0m     at asyncHandler (/Users/sanjay/node_modules/@appium/base-driver/lib/protocol/protocol.js:268:15)
[debug] [38;5;16m[AppiumDriver@f804][0m     at /Users/sanjay/node_modules/@appium/base-driver/lib/protocol/protocol.js:462:15
[debug] [38;5;16m[AppiumDriver@f804][0m     at Layer.handle [as handle_request] (/Users/sanjay/node_modules/express/lib/router/layer.js:95:5)
[debug] [38;5;16m[AppiumDriver@f804][0m     at next (/Users/sanjay/node_modules/express/lib/router/route.js:144:13)
[debug] [38;5;16m[AppiumDriver@f804][0m     at Route.dispatch (/Users/sanjay/node_modules/express/lib/router/route.js:114:3)
[debug] [38;5;16m[AppiumDriver@f804][0m     at Layer.handle [as handle_request] (/Users/sanjay/node_modules/express/lib/router/layer.js:95:5)
[debug] [38;5;16m[AppiumDriver@f804][0m     at /Users/sanjay/node_modules/express/lib/router/index.js:284:15
[debug] [38;5;16m[AppiumDriver@f804][0m     at param (/Users/sanjay/node_modules/express/lib/router/index.js:365:14)
[debug] [38;5;16m[AppiumDriver@f804][0m     at param (/Users/sanjay/node_modules/express/lib/router/index.js:376:14)
[debug] [38;5;16m[AppiumDriver@f804][0m     at Function.process_params (/Users/sanjay/node_modules/express/lib/router/index.js:421:3)
[debug] [38;5;16m[AppiumDriver@f804][0m     at next (/Users/sanjay/node_modules/express/lib/router/index.js:280:10)
[debug] [38;5;16m[AppiumDriver@f804][0m     at logger (/Users/sanjay/node_modules/morgan/index.js:144:5)
[debug] [38;5;16m[AppiumDriver@f804][0m     at Layer.handle [as handle_request] (/Users/sanjay/node_modules/express/lib/router/layer.js:95:5)
[debug] [38;5;16m[AppiumDriver@f804][0m     at trim_prefix (/Users/sanjay/node_modules/express/lib/router/index.js:328:13)
[debug] [38;5;16m[AppiumDriver@f804][0m     at /Users/sanjay/node_modules/express/lib/router/index.js:286:9
[debug] [38;5;16m[AppiumDriver@f804][0m     at Function.process_params (/Users/sanjay/node_modules/express/lib/router/index.js:346:12)
[debug] [38;5;16m[AppiumDriver@f804][0m     at next (/Users/sanjay/node_modules/express/lib/router/index.js:280:10)
[debug] [38;5;16m[AppiumDriver@f804][0m     at jsonParser (/Users/sanjay/node_modules/body-parser/lib/types/json.js:110:7)
[debug] [38;5;16m[AppiumDriver@f804][0m     at Layer.handle [as handle_request] (/Users/sanjay/node_modules/express/lib/router/layer.js:95:5)
[debug] [38;5;16m[AppiumDriver@f804][0m     at trim_prefix (/Users/sanjay/node_modules/express/lib/router/index.js:328:13)
[debug] [38;5;16m[AppiumDriver@f804][0m     at /Users/sanjay/node_modules/express/lib/router/index.js:286:9
[debug] [38;5;16m[AppiumDriver@f804][0m     at Function.process_params (/Users/sanjay/node_modules/express/lib/router/index.js:346:12)
[debug] [38;5;16m[AppiumDriver@f804][0m     at next (/Users/sanjay/node_modules/express/lib/router/index.js:280:10)
[debug] [38;5;16m[AppiumDriver@f804][0m     at Layer.handle [as handle_request] (/Users/sanjay/node_modules/express/lib/router/layer.js:91:12)
[debug] [38;5;16m[AppiumDriver@f804][0m     at trim_prefix (/Users/sanjay/node_modules/express/lib/router/index.js:328:13)
[debug] [38;5;16m[AppiumDriver@f804][0m     at /Users/sanjay/node_modules/express/lib/router/index.js:286:9
[debug] [38;5;16m[AppiumDriver@f804][0m     at Function.process_params (/Users/sanjay/node_modules/express/lib/router/index.js:346:12)
[debug] [38;5;16m[AppiumDriver@f804][0m     at next (/Users/sanjay/node_modules/express/lib/router/index.js:280:10)
[38;5;0m[HTTP][0m [37m<-- GET /session/08dea00d-33dd-4858-bbec-8dd963791b04/timeouts [39m[33m404[39m [90m6 ms - 2572[39m
[38;5;0m[HTTP][0m [90m[39m
[38;5;0m[HTTP][0m [37m-->[39m [37mGET[39m [37m/session/08dea00d-33dd-4858-bbec-8dd963791b04/timeouts[39m
[38;5;0m[HTTP][0m [90m{}[39m
[debug] [38;5;16m[AppiumDriver@f804][0m Encountered internal error running command: NoSuchDriverError: A session is either terminated or not started
[debug] [38;5;16m[AppiumDriver@f804][0m     at asyncHandler (/Users/sanjay/node_modules/@appium/base-driver/lib/protocol/protocol.js:268:15)
[debug] [38;5;16m[AppiumDriver@f804][0m     at /Users/sanjay/node_modules/@appium/base-driver/lib/protocol/protocol.js:462:15
[debug] [38;5;16m[AppiumDriver@f804][0m     at Layer.handle [as handle_request] (/Users/sanjay/node_modules/express/lib/router/layer.js:95:5)
[debug] [38;5;16m[AppiumDriver@f804][0m     at next (/Users/sanjay/node_modules/express/lib/router/route.js:144:13)
[debug] [38;5;16m[AppiumDriver@f804][0m     at Route.dispatch (/Users/sanjay/node_modules/express/lib/router/route.js:114:3)
[debug] [38;5;16m[AppiumDriver@f804][0m     at Layer.handle [as handle_request] (/Users/sanjay/node_modules/express/lib/router/layer.js:95:5)
[debug] [38;5;16m[AppiumDriver@f804][0m     at /Users/sanjay/node_modules/express/lib/router/index.js:284:15
[debug] [38;5;16m[AppiumDriver@f804][0m     at param (/Users/sanjay/node_modules/express/lib/router/index.js:365:14)
[debug] [38;5;16m[AppiumDriver@f804][0m     at param (/Users/sanjay/node_modules/express/lib/router/index.js:376:14)
[debug] [38;5;16m[AppiumDriver@f804][0m     at Function.process_params (/Users/sanjay/node_modules/express/lib/router/index.js:421:3)
[debug] [38;5;16m[AppiumDriver@f804][0m     at next (/Users/sanjay/node_modules/express/lib/router/index.js:280:10)
[debug] [38;5;16m[AppiumDriver@f804][0m     at logger (/Users/sanjay/node_modules/morgan/index.js:144:5)
[debug] [38;5;16m[AppiumDriver@f804][0m     at Layer.handle [as handle_request] (/Users/sanjay/node_modules/express/lib/router/layer.js:95:5)
[debug] [38;5;16m[AppiumDriver@f804][0m     at trim_prefix (/Users/sanjay/node_modules/express/lib/router/index.js:328:13)
[debug] [38;5;16m[AppiumDriver@f804][0m     at /Users/sanjay/node_modules/express/lib/router/index.js:286:9
[debug] [38;5;16m[AppiumDriver@f804][0m     at Function.process_params (/Users/sanjay/node_modules/express/lib/router/index.js:346:12)
[debug] [38;5;16m[AppiumDriver@f804][0m     at next (/Users/sanjay/node_modules/express/lib/router/index.js:280:10)
[debug] [38;5;16m[AppiumDriver@f804][0m     at jsonParser (/Users/sanjay/node_modules/body-parser/lib/types/json.js:110:7)
[debug] [38;5;16m[AppiumDriver@f804][0m     at Layer.handle [as handle_request] (/Users/sanjay/node_modules/express/lib/router/layer.js:95:5)
[debug] [38;5;16m[AppiumDriver@f804][0m     at trim_prefix (/Users/sanjay/node_modules/express/lib/router/index.js:328:13)
[debug] [38;5;16m[AppiumDriver@f804][0m     at /Users/sanjay/node_modules/express/lib/router/index.js:286:9
[debug] [38;5;16m[AppiumDriver@f804][0m     at Function.process_params (/Users/sanjay/node_modules/express/lib/router/index.js:346:12)
[debug] [38;5;16m[AppiumDriver@f804][0m     at next (/Users/sanjay/node_modules/express/lib/router/index.js:280:10)
[debug] [38;5;16m[AppiumDriver@f804][0m     at Layer.handle [as handle_request] (/Users/sanjay/node_modules/express/lib/router/layer.js:91:12)
[debug] [38;5;16m[AppiumDriver@f804][0m     at trim_prefix (/Users/sanjay/node_modules/express/lib/router/index.js:328:13)
[debug] [38;5;16m[AppiumDriver@f804][0m     at /Users/sanjay/node_modules/express/lib/router/index.js:286:9
[debug] [38;5;16m[AppiumDriver@f804][0m     at Function.process_params (/Users/sanjay/node_modules/express/lib/router/index.js:346:12)
[debug] [38;5;16m[AppiumDriver@f804][0m     at next (/Users/sanjay/node_modules/express/lib/router/index.js:280:10)
[38;5;0m[HTTP][0m [37m<-- GET /session/08dea00d-33dd-4858-bbec-8dd963791b04/timeouts [39m[33m404[39m [90m3 ms - 2572[39m
[38;5;0m[HTTP][0m [90m[39m
[debug] [38;5;64m[ADB][0m Waiting up to 20000ms for activity matching pkg: 'de.clark.app.debug' and activity: 'de.clark.shell.app.MainActivity' to be focused
[debug] [38;5;64m[ADB][0m Possible activities, to be checked: 'de.clark.shell.app.MainActivity', 'de.clark.app.debug.de.clark.shell.app.MainActivity'
[debug] [38;5;64m[ADB][0m Getting focused package and activity
[debug] [38;5;64m[ADB][0m Running '/Users/sanjay/Library/Android/sdk/platform-tools/adb -P 5037 -s emulator-5554 shell dumpsys window displays'
[debug] [38;5;64m[ADB][0m Found package: 'de.clark.app.debug' and fully qualified activity name : 'de.clark.shell.app.MainActivity'
[debug] [38;5;48m[AndroidUiautomator2Driver@0529 (e0a8ceb2)][0m Proxying [GET /appium/device/pixel_ratio] to [GET http://127.0.0.1:8204/session/81053223-ed6c-402b-8e8b-cb78da51b2e1/appium/device/pixel_ratio] with no body
[debug] [38;5;48m[AndroidUiautomator2Driver@0529 (e0a8ceb2)][0m Got response with status 200: {"sessionId":"81053223-ed6c-402b-8e8b-cb78da51b2e1","value":2.75}
[debug] [38;5;48m[AndroidUiautomator2Driver@0529 (e0a8ceb2)][0m Matched '/appium/device/system_bars' to command name 'getSystemBars'
[debug] [38;5;48m[AndroidUiautomator2Driver@0529 (e0a8ceb2)][0m Proxying [GET /appium/device/system_bars] to [GET http://127.0.0.1:8204/session/81053223-ed6c-402b-8e8b-cb78da51b2e1/appium/device/system_bars] with no body
[debug] [38;5;48m[AndroidUiautomator2Driver@0529 (e0a8ceb2)][0m Got response with status 200: {"sessionId":"81053223-ed6c-402b-8e8b-cb78da51b2e1","value":{"statusBar":66}}
[debug] [38;5;48m[AndroidUiautomator2Driver@0529 (e0a8ceb2)][0m Matched '/window/current/size' to command name 'getWindowSize'
[debug] [38;5;48m[AndroidUiautomator2Driver@0529 (e0a8ceb2)][0m Proxying [GET /window/current/size] to [GET http://127.0.0.1:8204/session/81053223-ed6c-402b-8e8b-cb78da51b2e1/window/current/size] with no body
[debug] [38;5;48m[AndroidUiautomator2Driver@0529 (e0a8ceb2)][0m Got response with status 200: {"sessionId":"81053223-ed6c-402b-8e8b-cb78da51b2e1","value":{"height":2028,"width":1080}}
[38;5;16m[AppiumDriver@f804][0m New AndroidUiautomator2Driver session created successfully, session e0a8ceb2-3051-4bb9-9527-a48d899affa4 added to master session list
[debug] [38;5;16m[AppiumDriver@f804][0m Event 'newSessionStarted' logged at 1672827754390 (15:52:34 GMT+0530 (India Standard Time))
[debug] [38;5;48m[AndroidUiautomator2Driver@0529 (e0a8ceb2)][0m Cached the protocol value 'W3C' for the new session e0a8ceb2-3051-4bb9-9527-a48d899affa4
[debug] [38;5;48m[AndroidUiautomator2Driver@0529 (e0a8ceb2)][0m Responding to client with driver.createSession() result: {"capabilities":{"platform":"LINUX","webStorageEnabled":false,"takesScreenshot":true,"javascriptEnabled":true,"databaseEnabled":false,"networkConnectionEnabled":true,"locationContextEnabled":false,"warnings":{},"desired":{"platformName":"android","deviceName":"emulator-5554","automationName":"UiAutomator2","app":"/Users/sanjay/Documents/Automation/appium-webdriver01/webdriver-appium-v8/app/android/app-DE-debug.apk"},"platformName":"android","deviceName":"emulator-5554","automationName":"UiAutomator2","app":"/Users/sanjay/Documents/Automation/appium-webdriver01/webdriver-appium-v8/app/android/app-DE-debug.apk","deviceUDID":"emulator-5554","appPackage":"de.clark.app.debug","deviceApiLevel":30,"platformVersion":"11","deviceScreenSize":"1080x2160","deviceScreenDensity":440,"deviceModel":"sdk_gphone_x86","deviceManufacturer":"Google","pixelRatio":2.75,"statBarHeight":66,"viewportRect":{"left":0,"top":66,"width":1080,"height":1962}}}
[38;5;0m[HTTP][0m [37m<-- POST /session [39m[32m200[39m [90m19704 ms - 1002[39m
[38;5;0m[HTTP][0m [90m[39m
[38;5;0m[HTTP][0m [37m-->[39m [37mDELETE[39m [37m/session/e0a8ceb2-3051-4bb9-9527-a48d899affa4[39m
[38;5;0m[HTTP][0m [90m{}[39m
[debug] [38;5;48m[AndroidUiautomator2Driver@0529 (e0a8ceb2)][0m Calling AppiumDriver.deleteSession() with args: ["e0a8ceb2-3051-4bb9-9527-a48d899affa4"]
[debug] [38;5;16m[AppiumDriver@f804][0m Event 'quitSessionRequested' logged at 1672827754433 (15:52:34 GMT+0530 (India Standard Time))
[38;5;16m[AppiumDriver@f804][0m Removing session e0a8ceb2-3051-4bb9-9527-a48d899affa4 from our master session list
[debug] [38;5;48m[AndroidUiautomator2Driver@0529 (e0a8ceb2)][0m Deleting UiAutomator2 session
[debug] [38;5;48m[AndroidUiautomator2Driver@0529 (e0a8ceb2)][0m Deleting UiAutomator2 server session
[debug] [38;5;48m[AndroidUiautomator2Driver@0529 (e0a8ceb2)][0m Matched '/' to command name 'deleteSession'
[debug] [38;5;48m[AndroidUiautomator2Driver@0529 (e0a8ceb2)][0m Proxying [DELETE /] to [DELETE http://127.0.0.1:8204/session/81053223-ed6c-402b-8e8b-cb78da51b2e1] with no body
[debug] [38;5;48m[AndroidUiautomator2Driver@0529 (e0a8ceb2)][0m Got response with status 200: {"sessionId":"81053223-ed6c-402b-8e8b-cb78da51b2e1","value":null}
[debug] [38;5;64m[ADB][0m Running '/Users/sanjay/Library/Android/sdk/platform-tools/adb -P 5037 -s emulator-5554 shell dumpsys activity services io.appium.settings/.recorder.RecorderService'
[debug] [38;5;64m[ADB][0m Running '/Users/sanjay/Library/Android/sdk/platform-tools/adb -P 5037 -s emulator-5554 shell am force-stop de.clark.app.debug'
[debug] [38;5;96m[Logcat][0m Stopping logcat capture
[debug] [38;5;64m[ADB][0m Removing forwarded port socket connection: 8204 
[debug] [38;5;64m[ADB][0m Running '/Users/sanjay/Library/Android/sdk/platform-tools/adb -P 5037 -s emulator-5554 forward --remove tcp:8204'
[38;5;48m[AndroidUiautomator2Driver@0529 (e0a8ceb2)][0m Restoring hidden api policy to the device default configuration
[debug] [38;5;64m[ADB][0m Running '/Users/sanjay/Library/Android/sdk/platform-tools/adb -P 5037 -s emulator-5554 shell 'settings delete global hidden_api_policy_pre_p_apps;settings delete global hidden_api_policy_p_apps;settings delete global hidden_api_policy''
[debug] [38;5;112m[Instrumentation][0m .
[debug] [38;5;112m[Instrumentation][0m Time: 12.085
[debug] [38;5;112m[Instrumentation][0m 
[debug] [38;5;112m[Instrumentation][0m OK (1 test)
[debug] [38;5;16m[AppiumDriver@f804][0m Event 'quitSessionFinished' logged at 1672827755628 (15:52:35 GMT+0530 (India Standard Time))
[debug] [38;5;16m[AppiumDriver@f804][0m Received response: null
[debug] [38;5;16m[AppiumDriver@f804][0m But deleting session, so not returning
[debug] [38;5;16m[AppiumDriver@f804][0m Responding to client with driver.deleteSession() result: null
[38;5;0m[HTTP][0m [37m<-- DELETE /session/e0a8ceb2-3051-4bb9-9527-a48d899affa4 [39m[32m200[39m [90m1199 ms - 14[39m
[38;5;0m[HTTP][0m [90m[39m
[35m[Appium][39m Received SIGTERM - shutting down
[debug] [38;5;16m[AppiumDriver@f804][0m There are no active sessions for cleanup
[38;5;0m[HTTP][0m Waiting until the server is closed
[38;5;0m[HTTP][0m Received server close event
